
   ERROR  Command "horizon" is not defined.  


   ERROR  Command "horizon" is not defined.  


   ERROR  Command "horizon" is not defined.  


   ERROR  Command "horizon" is not defined.  


   ERROR  Command "horizon" is not defined.  


   ERROR  Command "horizon" is not defined.  


   ERROR  Command "horizon" is not defined.  


   ERROR  Command "horizon" is not defined.  


   ERROR  Command "horizon" is not defined.  


   ERROR  Command "horizon" is not defined.  


   ERROR  Command "horizon" is not defined.  


   ERROR  Command "horizon" is not defined.  


   ERROR  Command "horizon" is not defined.  


   ERROR  Command "horizon" is not defined.  


   ERROR  Command "horizon" is not defined.  


   ERROR  Command "horizon" is not defined.  


   Error 

  Class "Redis" not found

  at /home/alexandrefn/dockers/bolos-da-dona-zeze/vendor/laravel/framework/src/Illuminate/Redis/Connectors/PhpRedisConnector.php:81
     77▕      * @throws \LogicException
     78▕      */
     79▕     protected function createClient(array $config)
     80▕     {
  ➜  81▕         return tap(new Redis, function ($client) use ($config) {
     82▕             if ($client instanceof RedisFacade) {
     83▕                 throw new LogicException(
     84▕                     extension_loaded('redis')
     85▕                         ? 'Please remove or rename the Redis facade alias in your "app" configuration file in order to avoid collision with the PHP Redis extension.'

      [2m+21 vendor frames [22m
  22  /home/alexandrefn/dockers/bolos-da-dona-zeze/artisan:37
      Illuminate\Foundation\Console\Kernel::handle()

   Error 

  Class "Redis" not found

  at /home/alexandrefn/dockers/bolos-da-dona-zeze/vendor/laravel/framework/src/Illuminate/Redis/Connectors/PhpRedisConnector.php:81
     77▕      * @throws \LogicException
     78▕      */
     79▕     protected function createClient(array $config)
     80▕     {
  ➜  81▕         return tap(new Redis, function ($client) use ($config) {
     82▕             if ($client instanceof RedisFacade) {
     83▕                 throw new LogicException(
     84▕                     extension_loaded('redis')
     85▕                         ? 'Please remove or rename the Redis facade alias in your "app" configuration file in order to avoid collision with the PHP Redis extension.'

      [2m+21 vendor frames [22m
  22  /home/alexandrefn/dockers/bolos-da-dona-zeze/artisan:37
      Illuminate\Foundation\Console\Kernel::handle()

   Error 

  Class "Redis" not found

  at /home/alexandrefn/dockers/bolos-da-dona-zeze/vendor/laravel/framework/src/Illuminate/Redis/Connectors/PhpRedisConnector.php:81
     77▕      * @throws \LogicException
     78▕      */
     79▕     protected function createClient(array $config)
     80▕     {
  ➜  81▕         return tap(new Redis, function ($client) use ($config) {
     82▕             if ($client instanceof RedisFacade) {
     83▕                 throw new LogicException(
     84▕                     extension_loaded('redis')
     85▕                         ? 'Please remove or rename the Redis facade alias in your "app" configuration file in order to avoid collision with the PHP Redis extension.'

      [2m+21 vendor frames [22m
  22  /home/alexandrefn/dockers/bolos-da-dona-zeze/artisan:37
      Illuminate\Foundation\Console\Kernel::handle()

   Error 

  Class "Redis" not found

  at /home/alexandrefn/dockers/bolos-da-dona-zeze/vendor/laravel/framework/src/Illuminate/Redis/Connectors/PhpRedisConnector.php:81
     77▕      * @throws \LogicException
     78▕      */
     79▕     protected function createClient(array $config)
     80▕     {
  ➜  81▕         return tap(new Redis, function ($client) use ($config) {
     82▕             if ($client instanceof RedisFacade) {
     83▕                 throw new LogicException(
     84▕                     extension_loaded('redis')
     85▕                         ? 'Please remove or rename the Redis facade alias in your "app" configuration file in order to avoid collision with the PHP Redis extension.'

      [2m+21 vendor frames [22m
  22  /home/alexandrefn/dockers/bolos-da-dona-zeze/artisan:37
      Illuminate\Foundation\Console\Kernel::handle()
Horizon started successfully.

   INFO  Processing jobs from the [default] queue.  


   INFO  Processing jobs from the [default] queue.  


   RuntimeException 

  Unable to detect application namespace.

  at /home/alexandrefn/dockers/bolos-da-dona-zeze/vendor/laravel/framework/src/Illuminate/Foundation/Application.php:1429
    1425▕                 }
    1426▕             }
    1427▕         }
    1428▕ 
  ➜ 1429▕         throw new RuntimeException('Unable to detect application namespace.');
    1430▕     }
    1431▕ }
    1432▕

      [2m+1 vendor frames [22m
  2   /home/alexandrefn/dockers/bolos-da-dona-zeze/app/Console/Kernel.php:17
      Illuminate\Foundation\Console\Kernel::load()

      [2m+2 vendor frames [22m
  5   /home/alexandrefn/dockers/bolos-da-dona-zeze/artisan:37
      Illuminate\Foundation\Console\Kernel::handle()

   RuntimeException 

  Unable to detect application namespace.

  at /home/alexandrefn/dockers/bolos-da-dona-zeze/vendor/laravel/framework/src/Illuminate/Foundation/Application.php:1429
    1425▕                 }
    1426▕             }
    1427▕         }
    1428▕ 
  ➜ 1429▕         throw new RuntimeException('Unable to detect application namespace.');
    1430▕     }
    1431▕ }
    1432▕

      [2m+1 vendor frames [22m
  2   /home/alexandrefn/dockers/bolos-da-dona-zeze/app/Console/Kernel.php:17
      Illuminate\Foundation\Console\Kernel::load()

      [2m+2 vendor frames [22m
  5   /home/alexandrefn/dockers/bolos-da-dona-zeze/artisan:37
      Illuminate\Foundation\Console\Kernel::handle()

   RuntimeException 

  Unable to detect application namespace.

  at /home/alexandrefn/dockers/bolos-da-dona-zeze/vendor/laravel/framework/src/Illuminate/Foundation/Application.php:1429
    1425▕                 }
    1426▕             }
    1427▕         }
    1428▕ 
  ➜ 1429▕         throw new RuntimeException('Unable to detect application namespace.');
    1430▕     }
    1431▕ }
    1432▕

      [2m+1 vendor frames [22m
  2   /home/alexandrefn/dockers/bolos-da-dona-zeze/app/Console/Kernel.php:17
      Illuminate\Foundation\Console\Kernel::load()

      [2m+2 vendor frames [22m
  5   /home/alexandrefn/dockers/bolos-da-dona-zeze/artisan:37
      Illuminate\Foundation\Console\Kernel::handle()

   RuntimeException 

  Unable to detect application namespace.

  at /home/alexandrefn/dockers/bolos-da-dona-zeze/vendor/laravel/framework/src/Illuminate/Foundation/Application.php:1429
    1425▕                 }
    1426▕             }
    1427▕         }
    1428▕ 
  ➜ 1429▕         throw new RuntimeException('Unable to detect application namespace.');
    1430▕     }
    1431▕ }
    1432▕

      [2m+1 vendor frames [22m
  2   /home/alexandrefn/dockers/bolos-da-dona-zeze/app/Console/Kernel.php:17
      Illuminate\Foundation\Console\Kernel::load()

      [2m+2 vendor frames [22m
  5   /home/alexandrefn/dockers/bolos-da-dona-zeze/artisan:37
      Illuminate\Foundation\Console\Kernel::handle()

   RuntimeException 

  Unable to detect application namespace.

  at /home/alexandrefn/dockers/bolos-da-dona-zeze/vendor/laravel/framework/src/Illuminate/Foundation/Application.php:1429
    1425▕                 }
    1426▕             }
    1427▕         }
    1428▕ 
  ➜ 1429▕         throw new RuntimeException('Unable to detect application namespace.');
    1430▕     }
    1431▕ }
    1432▕

      [2m+1 vendor frames [22m
  2   /home/alexandrefn/dockers/bolos-da-dona-zeze/app/Console/Kernel.php:17
      Illuminate\Foundation\Console\Kernel::load()

      [2m+2 vendor frames [22m
  5   /home/alexandrefn/dockers/bolos-da-dona-zeze/artisan:37
      Illuminate\Foundation\Console\Kernel::handle()

   RuntimeException 

  Unable to detect application namespace.

  at /home/alexandrefn/dockers/bolos-da-dona-zeze/vendor/laravel/framework/src/Illuminate/Foundation/Application.php:1429
    1425▕                 }
    1426▕             }
    1427▕         }
    1428▕ 
  ➜ 1429▕         throw new RuntimeException('Unable to detect application namespace.');
    1430▕     }
    1431▕ }
    1432▕

      [2m+1 vendor frames [22m
  2   /home/alexandrefn/dockers/bolos-da-dona-zeze/app/Console/Kernel.php:17
      Illuminate\Foundation\Console\Kernel::load()

      [2m+2 vendor frames [22m
  5   /home/alexandrefn/dockers/bolos-da-dona-zeze/artisan:37
      Illuminate\Foundation\Console\Kernel::handle()

   RuntimeException 

  Unable to detect application namespace.

  at /home/alexandrefn/dockers/bolos-da-dona-zeze/vendor/laravel/framework/src/Illuminate/Foundation/Application.php:1429
    1425▕                 }
    1426▕             }
    1427▕         }
    1428▕ 
  ➜ 1429▕         throw new RuntimeException('Unable to detect application namespace.');
    1430▕     }
    1431▕ }
    1432▕

      [2m+1 vendor frames [22m
  2   /home/alexandrefn/dockers/bolos-da-dona-zeze/app/Console/Kernel.php:17
      Illuminate\Foundation\Console\Kernel::load()

      [2m+2 vendor frames [22m
  5   /home/alexandrefn/dockers/bolos-da-dona-zeze/artisan:37
      Illuminate\Foundation\Console\Kernel::handle()

   RuntimeException 

  Unable to detect application namespace.

  at /home/alexandrefn/dockers/bolos-da-dona-zeze/vendor/laravel/framework/src/Illuminate/Foundation/Application.php:1429
    1425▕                 }
    1426▕             }
    1427▕         }
    1428▕ 
  ➜ 1429▕         throw new RuntimeException('Unable to detect application namespace.');
    1430▕     }
    1431▕ }
    1432▕

      [2m+1 vendor frames [22m
  2   /home/alexandrefn/dockers/bolos-da-dona-zeze/app/Console/Kernel.php:17
      Illuminate\Foundation\Console\Kernel::load()

      [2m+2 vendor frames [22m
  5   /home/alexandrefn/dockers/bolos-da-dona-zeze/artisan:37
      Illuminate\Foundation\Console\Kernel::handle()

   RuntimeException 

  Unable to detect application namespace.

  at /home/alexandrefn/dockers/bolos-da-dona-zeze/vendor/laravel/framework/src/Illuminate/Foundation/Application.php:1429
    1425▕                 }
    1426▕             }
    1427▕         }
    1428▕ 
  ➜ 1429▕         throw new RuntimeException('Unable to detect application namespace.');
    1430▕     }
    1431▕ }
    1432▕

      [2m+1 vendor frames [22m
  2   /home/alexandrefn/dockers/bolos-da-dona-zeze/app/Console/Kernel.php:17
      Illuminate\Foundation\Console\Kernel::load()

      [2m+2 vendor frames [22m
  5   /home/alexandrefn/dockers/bolos-da-dona-zeze/artisan:37
      Illuminate\Foundation\Console\Kernel::handle()

   RuntimeException 

  Unable to detect application namespace.

  at /home/alexandrefn/dockers/bolos-da-dona-zeze/vendor/laravel/framework/src/Illuminate/Foundation/Application.php:1429
    1425▕                 }
    1426▕             }
    1427▕         }
    1428▕ 
  ➜ 1429▕         throw new RuntimeException('Unable to detect application namespace.');
    1430▕     }
    1431▕ }
    1432▕

      [2m+1 vendor frames [22m
  2   /home/alexandrefn/dockers/bolos-da-dona-zeze/app/Console/Kernel.php:17
      Illuminate\Foundation\Console\Kernel::load()

      [2m+2 vendor frames [22m
  5   /home/alexandrefn/dockers/bolos-da-dona-zeze/artisan:37
      Illuminate\Foundation\Console\Kernel::handle()

   RuntimeException 

  Unable to detect application namespace.

  at /home/alexandrefn/dockers/bolos-da-dona-zeze/vendor/laravel/framework/src/Illuminate/Foundation/Application.php:1429
    1425▕                 }
    1426▕             }
    1427▕         }
    1428▕ 
  ➜ 1429▕         throw new RuntimeException('Unable to detect application namespace.');
    1430▕     }
    1431▕ }
    1432▕

      [2m+1 vendor frames [22m
  2   /home/alexandrefn/dockers/bolos-da-dona-zeze/app/Console/Kernel.php:17
      Illuminate\Foundation\Console\Kernel::load()

      [2m+2 vendor frames [22m
  5   /home/alexandrefn/dockers/bolos-da-dona-zeze/artisan:37
      Illuminate\Foundation\Console\Kernel::handle()

   RuntimeException 

  Unable to detect application namespace.

  at /home/alexandrefn/dockers/bolos-da-dona-zeze/vendor/laravel/framework/src/Illuminate/Foundation/Application.php:1429
    1425▕                 }
    1426▕             }
    1427▕         }
    1428▕ 
  ➜ 1429▕         throw new RuntimeException('Unable to detect application namespace.');
    1430▕     }
    1431▕ }
    1432▕

      [2m+1 vendor frames [22m
  2   /home/alexandrefn/dockers/bolos-da-dona-zeze/app/Console/Kernel.php:17
      Illuminate\Foundation\Console\Kernel::load()

      [2m+2 vendor frames [22m
  5   /home/alexandrefn/dockers/bolos-da-dona-zeze/artisan:37
      Illuminate\Foundation\Console\Kernel::handle()
Horizon started successfully.

   INFO  Processing jobs from the [default] queue.  

  2022-10-07 19:32:26 App\Jobs\JobSendMailCakes ................. 12.79ms DONE

   INFO  Processing jobs from the [default] queue.  

  2022-10-07 19:32:26 App\Jobs\JobSendMailCakes ................. 13.77ms DONE

   INFO  Processing jobs from the [default] queue.  

  2022-10-07 19:32:26 App\Jobs\JobSendMailCakes ................. 13.26ms DONE
  2022-10-07 19:33:02 App\Jobs\JobSendMailCakes .................. 1.38ms DONE
  2022-10-07 19:33:02 App\Jobs\JobSendMailCakes .................. 0.94ms DONE
  2022-10-07 19:33:02 App\Jobs\JobSendMailCakes .................. 1.12ms DONE

   INFO  Processing jobs from the [default] queue.  

  2022-10-07 19:34:02 App\Jobs\JobSendMailCakes ................. 19.81ms DONE
  2022-10-07 19:34:02 App\Jobs\JobSendMailCakes .................. 1.25ms DONE
  2022-10-07 19:34:02 App\Jobs\JobSendMailCakes .................. 1.32ms DONE

   INFO  Processing jobs from the [default] queue.  


   INFO  Processing jobs from the [default] queue.  

  2022-10-07 19:50:01 App\Mail\SendCakesToInterestedMail ........ 29.09ms FAIL

   INFO  Processing jobs from the [default] queue.  

  2022-10-07 19:50:02 App\Mail\SendCakesToInterestedMail ........ 23.19ms FAIL

   INFO  Processing jobs from the [default] queue.  

  2022-10-07 19:51:02 App\Mail\SendCakesToInterestedMail ........ 21.01ms FAIL

   INFO  Processing jobs from the [default] queue.  

  2022-10-07 19:51:03 App\Mail\SendCakesToInterestedMail ........ 20.26ms FAIL

   INFO  Processing jobs from the [default] queue.  

  2022-10-07 19:52:03 App\Mail\SendCakesToInterestedMail ........ 46.67ms FAIL

   INFO  Processing jobs from the [default] queue.  

  2022-10-07 19:52:04 App\Mail\SendCakesToInterestedMail ........ 23.46ms FAIL

   INFO  Processing jobs from the [default] queue.  

  2022-10-07 19:53:02 App\Mail\SendCakesToInterestedMail ........ 20.97ms FAIL

   INFO  Processing jobs from the [default] queue.  

  2022-10-07 19:53:03 App\Mail\SendCakesToInterestedMail ........ 34.74ms FAIL

   INFO  Processing jobs from the [default] queue.  


   INFO  Processing jobs from the [default] queue.  

  2022-10-07 20:01:03 App\Mail\SendCakesToInterestedMail ........ 47.32ms FAIL

   INFO  Processing jobs from the [default] queue.  

  2022-10-07 20:01:03 App\Mail\SendCakesToInterestedMail ........ 21.84ms FAIL

   INFO  Processing jobs from the [default] queue.  


   INFO  Processing jobs from the [default] queue.  


   INFO  Processing jobs from the [default] queue.  

  2022-10-07 20:02:03 App\Mail\SendCakesToInterestedMail ........ 19.96ms FAIL
  2022-10-07 20:02:04 App\Mail\SendCakesToInterestedMail ........ 20.86ms FAIL

   INFO  Processing jobs from the [default] queue.  


   INFO  Processing jobs from the [default] queue.  

  2022-10-07 20:04:04 App\Mail\SendCakesToInterestedMail ........ 42.90ms FAIL

   INFO  Processing jobs from the [default] queue.  

  2022-10-07 20:04:03 App\Mail\SendCakesToInterestedMail ........ 19.94ms FAIL

   INFO  Processing jobs from the [default] queue.  


   INFO  Processing jobs from the [default] queue.  


   INFO  Processing jobs from the [default] queue.  

  2022-10-07 20:05:03 App\Mail\SendCakesToInterestedMail ........ 21.95ms FAIL
  2022-10-07 20:05:04 App\Mail\SendCakesToInterestedMail ........ 22.26ms FAIL

   INFO  Processing jobs from the [default] queue.  


   INFO  Processing jobs from the [default] queue.  

  2022-10-07 20:15:02 App\Mail\SendCakesToInterestedMail ........ 45.07ms FAIL

   INFO  Processing jobs from the [default] queue.  

  2022-10-07 20:15:02 App\Mail\SendCakesToInterestedMail ........ 20.84ms FAIL

   INFO  Processing jobs from the [default] queue.  


   INFO  Processing jobs from the [default] queue.  


   INFO  Processing jobs from the [default] queue.  

  2022-10-07 20:16:02 App\Mail\SendCakesToInterestedMail ........ 20.94ms FAIL
  2022-10-07 20:16:03 App\Mail\SendCakesToInterestedMail ........ 24.19ms FAIL

   INFO  Processing jobs from the [default] queue.  


   INFO  Processing jobs from the [default] queue.  


   INFO  Processing jobs from the [default] queue.  

  2022-10-07 20:17:02 App\Mail\SendCakesToInterestedMail ........ 23.66ms FAIL
  2022-10-07 20:17:03 App\Mail\SendCakesToInterestedMail ........ 22.63ms FAIL

   INFO  Processing jobs from the [default] queue.  


   INFO  Processing jobs from the [default] queue.  


   INFO  Processing jobs from the [default] queue.  

  2022-10-07 20:18:02 App\Mail\SendCakesToInterestedMail ........ 32.69ms FAIL
  2022-10-07 20:18:03 App\Mail\SendCakesToInterestedMail ........ 23.21ms FAIL

   INFO  Processing jobs from the [default] queue.  


   INFO  Processing jobs from the [default] queue.  


   INFO  Processing jobs from the [default] queue.  

  2022-10-07 20:19:02 App\Mail\SendCakesToInterestedMail ........ 29.92ms FAIL
  2022-10-07 20:19:02 App\Mail\SendCakesToInterestedMail ......... 3.59ms FAIL
  2022-10-07 20:20:02 App\Mail\SendCakesToInterestedMail ......... 4.17ms FAIL
  2022-10-07 20:20:02 App\Mail\SendCakesToInterestedMail ......... 3.15ms FAIL

   INFO  Processing jobs from the [default] queue.  

  2022-10-07 20:21:03 App\Mail\SendCakesToInterestedMail ........ 35.85ms FAIL

   INFO  Processing jobs from the [default] queue.  

  2022-10-07 20:21:03 App\Mail\SendCakesToInterestedMail ........ 20.44ms FAIL

   INFO  Processing jobs from the [default] queue.  


   INFO  Processing jobs from the [default] queue.  


   INFO  Processing jobs from the [default] queue.  

  2022-10-07 20:22:03 App\Mail\SendCakesToInterestedMail ........ 20.47ms FAIL
  2022-10-07 20:22:04 App\Mail\SendCakesToInterestedMail ........ 22.87ms FAIL

   INFO  Processing jobs from the [default] queue.  


   INFO  Processing jobs from the [default] queue.  


   INFO  Processing jobs from the [default] queue.  

  2022-10-07 20:23:03 App\Mail\SendCakesToInterestedMail ........ 20.01ms FAIL
  2022-10-07 20:23:04 App\Mail\SendCakesToInterestedMail ........ 20.27ms FAIL

   INFO  Processing jobs from the [default] queue.  


   INFO  Processing jobs from the [default] queue.  


   INFO  Processing jobs from the [default] queue.  

  2022-10-07 20:24:03 App\Mail\SendCakesToInterestedMail ........ 22.56ms FAIL
  2022-10-07 20:24:04 App\Mail\SendCakesToInterestedMail ........ 38.77ms FAIL

   INFO  Processing jobs from the [default] queue.  


   INFO  Processing jobs from the [default] queue.  


   INFO  Processing jobs from the [default] queue.  

  2022-10-07 20:25:03 App\Mail\SendCakesToInterestedMail ........ 21.25ms FAIL
  2022-10-07 20:25:04 App\Mail\SendCakesToInterestedMail ........ 23.87ms FAIL

   INFO  Processing jobs from the [default] queue.  


   INFO  Processing jobs from the [default] queue.  

  2022-10-07 20:26:01 App\Mail\SendCakesToInterestedMail ........ 37.43ms FAIL

   INFO  Processing jobs from the [default] queue.  

  2022-10-07 20:26:03 App\Mail\SendCakesToInterestedMail ........ 21.73ms FAIL

   INFO  Processing jobs from the [default] queue.  


   INFO  Processing jobs from the [default] queue.  

  2022-10-07 20:27:01 App\Mail\SendCakesToInterestedMail ........ 21.68ms FAIL

   INFO  Processing jobs from the [default] queue.  

  2022-10-07 20:27:03 App\Mail\SendCakesToInterestedMail ........ 21.36ms FAIL

   INFO  Processing jobs from the [default] queue.  


   INFO  Processing jobs from the [default] queue.  

  2022-10-07 20:29:02 App\Mail\SendCakesToInterestedMail ........ 54.43ms FAIL

   INFO  Processing jobs from the [default] queue.  

  2022-10-07 20:29:03 App\Mail\SendCakesToInterestedMail ........ 20.36ms FAIL

   INFO  Processing jobs from the [default] queue.  

  2022-10-07 20:30:03 App\Mail\SendCakesToInterestedMail ........ 25.04ms FAIL
  2022-10-07 20:30:03 App\Mail\SendCakesToInterestedMail ......... 6.89ms FAIL
  2022-10-07 20:31:03 App\Mail\SendCakesToInterestedMail ........ 18.05ms FAIL
  2022-10-07 20:31:03 App\Mail\SendCakesToInterestedMail ........ 18.45ms FAIL

   INFO  Processing jobs from the [default] queue.  

  2022-10-07 20:32:01 App\Mail\SendCakesToInterestedMail ........ 20.71ms FAIL

   INFO  Processing jobs from the [default] queue.  

  2022-10-07 20:32:02 App\Mail\SendCakesToInterestedMail ........ 24.78ms FAIL

   INFO  Processing jobs from the [default] queue.  

  2022-10-07 20:33:02 App\Mail\SendCakesToInterestedMail ........ 19.57ms FAIL

   INFO  Processing jobs from the [default] queue.  

  2022-10-07 20:33:04 App\Mail\SendCakesToInterestedMail ........ 20.25ms FAIL

   INFO  Processing jobs from the [default] queue.  

  2022-10-07 20:34:02 App\Mail\SendCakesToInterestedMail ........ 20.10ms FAIL

   INFO  Processing jobs from the [default] queue.  

  2022-10-07 20:34:04 App\Mail\SendCakesToInterestedMail ........ 20.19ms FAIL

   INFO  Processing jobs from the [default] queue.  


   INFO  Processing jobs from the [default] queue.  


   INFO  Processing jobs from the [default] queue.  

  2022-10-07 20:35:02 App\Mail\SendCakesToInterestedMail ........ 20.13ms FAIL
  2022-10-07 20:35:03 App\Mail\SendCakesToInterestedMail ........ 21.75ms FAIL

   INFO  Processing jobs from the [default] queue.  


   INFO  Processing jobs from the [default] queue.  

  2022-10-07 20:36:02 App\Mail\SendCakesToInterestedMail ........ 19.60ms FAIL
  2022-10-07 20:36:03 App\Mail\SendCakesToInterestedMail ........ 37.86ms FAIL

   INFO  Processing jobs from the [default] queue.  


   INFO  Processing jobs from the [default] queue.  


   INFO  Processing jobs from the [default] queue.  

  2022-10-07 20:37:02 App\Mail\SendCakesToInterestedMail ........ 19.96ms FAIL
  2022-10-07 20:37:03 App\Mail\SendCakesToInterestedMail ........ 20.94ms FAIL

   INFO  Processing jobs from the [default] queue.  


   INFO  Processing jobs from the [default] queue.  


   INFO  Processing jobs from the [default] queue.  

  2022-10-07 20:38:02 App\Mail\SendCakesToInterestedMail ........ 20.85ms FAIL
  2022-10-07 20:38:03 App\Mail\SendCakesToInterestedMail ........ 20.74ms FAIL

   INFO  Processing jobs from the [default] queue.  


   INFO  Processing jobs from the [default] queue.  


   INFO  Processing jobs from the [default] queue.  

  2022-10-07 20:39:02 App\Mail\SendCakesToInterestedMail ........ 20.26ms FAIL
  2022-10-07 20:39:03 App\Mail\SendCakesToInterestedMail ........ 29.42ms FAIL

   INFO  Processing jobs from the [default] queue.  


   INFO  Processing jobs from the [default] queue.  


   INFO  Processing jobs from the [default] queue.  

  2022-10-07 20:40:02 App\Mail\SendCakesToInterestedMail ........ 20.73ms FAIL
  2022-10-07 20:40:03 App\Mail\SendCakesToInterestedMail ........ 25.98ms FAIL

   INFO  Processing jobs from the [default] queue.  


   INFO  Processing jobs from the [default] queue.  


   INFO  Processing jobs from the [default] queue.  

  2022-10-07 20:41:03 App\Mail\SendCakesToInterestedMail ........ 19.98ms FAIL
  2022-10-07 20:41:03 App\Mail\SendCakesToInterestedMail ........ 21.18ms FAIL

   INFO  Processing jobs from the [default] queue.  


   INFO  Processing jobs from the [default] queue.  


   INFO  Processing jobs from the [default] queue.  

  2022-10-07 20:42:03 App\Mail\SendCakesToInterestedMail ........ 20.02ms FAIL
  2022-10-07 20:42:04 App\Mail\SendCakesToInterestedMail ........ 31.93ms FAIL

   INFO  Processing jobs from the [default] queue.  


   INFO  Processing jobs from the [default] queue.  


   INFO  Processing jobs from the [default] queue.  

  2022-10-07 20:43:03 App\Mail\SendCakesToInterestedMail ........ 20.79ms FAIL
  2022-10-07 20:43:04 App\Mail\SendCakesToInterestedMail ........ 26.90ms FAIL

   INFO  Processing jobs from the [default] queue.  


   INFO  Processing jobs from the [default] queue.  


   INFO  Processing jobs from the [default] queue.  

  2022-10-07 20:44:03 App\Mail\SendCakesToInterestedMail ........ 20.33ms FAIL
  2022-10-07 20:44:04 App\Mail\SendCakesToInterestedMail ........ 20.37ms FAIL

   INFO  Processing jobs from the [default] queue.  


   INFO  Processing jobs from the [default] queue.  

  2022-10-07 20:45:01 App\Mail\SendCakesToInterestedMail ........ 56.03ms FAIL

   INFO  Processing jobs from the [default] queue.  

  2022-10-07 20:45:03 App\Mail\SendCakesToInterestedMail ........ 19.13ms FAIL

   INFO  Processing jobs from the [default] queue.  


   INFO  Processing jobs from the [default] queue.  

  2022-10-07 20:46:01 App\Mail\SendCakesToInterestedMail ........ 27.47ms FAIL

   INFO  Processing jobs from the [default] queue.  

  2022-10-07 20:46:03 App\Mail\SendCakesToInterestedMail ........ 20.13ms FAIL

   INFO  Processing jobs from the [default] queue.  


   INFO  Processing jobs from the [default] queue.  


   INFO  Processing jobs from the [default] queue.  

  2022-10-07 20:47:03 App\Mail\SendCakesToInterestedMail ........ 19.70ms FAIL
  2022-10-07 20:47:04 App\Mail\SendCakesToInterestedMail ........ 20.32ms FAIL

   INFO  Processing jobs from the [default] queue.  


   INFO  Processing jobs from the [default] queue.  


   INFO  Processing jobs from the [default] queue.  

  2022-10-07 20:48:04 App\Mail\SendCakesToInterestedMail ........ 19.92ms FAIL
  2022-10-07 20:48:04 App\Mail\SendCakesToInterestedMail ........ 30.18ms FAIL

   INFO  Processing jobs from the [default] queue.  


   INFO  Processing jobs from the [default] queue.  

  2022-10-07 20:49:02 App\Mail\SendCakesToInterestedMail ........ 43.85ms FAIL

   INFO  Processing jobs from the [default] queue.  

  2022-10-07 20:49:04 App\Mail\SendCakesToInterestedMail ........ 19.76ms FAIL

   INFO  Processing jobs from the [default] queue.  


   INFO  Processing jobs from the [default] queue.  

  2022-10-07 20:50:02 App\Mail\SendCakesToInterestedMail ........ 20.02ms FAIL

   INFO  Processing jobs from the [default] queue.  

  2022-10-07 20:50:04 App\Mail\SendCakesToInterestedMail ........ 21.17ms FAIL

   INFO  Processing jobs from the [default] queue.  


   INFO  Processing jobs from the [default] queue.  

  2022-10-07 20:51:02 App\Mail\SendCakesToInterestedMail ........ 51.65ms FAIL

   INFO  Processing jobs from the [default] queue.  

  2022-10-07 20:51:04 App\Mail\SendCakesToInterestedMail ........ 19.71ms FAIL

   INFO  Processing jobs from the [default] queue.  


   INFO  Processing jobs from the [default] queue.  


   INFO  Processing jobs from the [default] queue.  

  2022-10-07 20:52:01 App\Mail\SendCakesToInterestedMail ........ 26.57ms FAIL
  2022-10-07 20:52:01 App\Mail\SendCakesToInterestedMail ......... 5.27ms FAIL
  2022-10-07 20:53:01 App\Mail\SendCakesToInterestedMail ......... 6.08ms FAIL
  2022-10-07 20:53:01 App\Mail\SendCakesToInterestedMail ......... 6.51ms FAIL
  2022-10-07 20:54:04 App\Mail\SendCakesToInterestedMail ......... 8.99ms FAIL
  2022-10-07 20:54:04 App\Mail\SendCakesToInterestedMail ......... 5.55ms FAIL

   INFO  Processing jobs from the [default] queue.  

  2022-10-07 20:55:04 App\Mail\SendCakesToInterestedMail ........ 49.71ms FAIL
  2022-10-07 20:55:04 App\Mail\SendCakesToInterestedMail ........ 10.83ms FAIL

   INFO  Processing jobs from the [default] queue.  

  2022-10-07 20:56:02 App\Mail\SendCakesToInterestedMail ........ 43.88ms FAIL
  2022-10-07 20:56:02 App\Mail\SendCakesToInterestedMail ........ 10.04ms FAIL
  2022-10-07 20:57:05 App\Mail\SendCakesToInterestedMail ......... 9.63ms FAIL
  2022-10-07 20:57:05 App\Mail\SendCakesToInterestedMail ......... 8.72ms FAIL

   INFO  Processing jobs from the [default] queue.  


   INFO  Processing jobs from the [default] queue.  

  2022-10-07 20:58:02 App\Mail\SendCakesToInterestedMail ........ 21.19ms FAIL
  2022-10-07 20:58:02 App\Mail\SendCakesToInterestedMail ......... 4.47ms FAIL
  2022-10-07 20:59:02 App\Mail\SendCakesToInterestedMail ......... 3.91ms FAIL

   INFO  Processing jobs from the [default] queue.  

  2022-10-07 20:59:02 App\Mail\SendCakesToInterestedMail ........ 19.77ms FAIL

   INFO  Processing jobs from the [default] queue.  


   INFO  Processing jobs from the [default] queue.  


   INFO  Processing jobs from the [default] queue.  

  2022-10-07 21:00:02 App\Mail\SendCakesToInterestedMail ........ 19.47ms FAIL
  2022-10-07 21:00:03 App\Mail\SendCakesToInterestedMail ........ 21.91ms FAIL

   INFO  Processing jobs from the [default] queue.  


   INFO  Processing jobs from the [default] queue.  


   INFO  Processing jobs from the [default] queue.  

  2022-10-07 21:01:02 App\Mail\SendCakesToInterestedMail ........ 23.18ms FAIL
  2022-10-07 21:01:03 App\Mail\SendCakesToInterestedMail ........ 35.03ms FAIL

   INFO  Processing jobs from the [default] queue.  


   INFO  Processing jobs from the [default] queue.  


   INFO  Processing jobs from the [default] queue.  

  2022-10-07 21:02:02 App\Mail\SendCakesToInterestedMail ........ 22.25ms FAIL
  2022-10-07 21:02:03 App\Mail\SendCakesToInterestedMail ........ 21.95ms FAIL

   INFO  Processing jobs from the [default] queue.  


   INFO  Processing jobs from the [default] queue.  


   INFO  Processing jobs from the [default] queue.  

  2022-10-07 21:03:02 App\Mail\SendCakesToInterestedMail ........ 23.06ms FAIL
  2022-10-07 21:03:03 App\Mail\SendCakesToInterestedMail ........ 20.67ms FAIL

   INFO  Processing jobs from the [default] queue.  


   INFO  Processing jobs from the [default] queue.  


   INFO  Processing jobs from the [default] queue.  

  2022-10-07 21:04:03 App\Mail\SendCakesToInterestedMail ........ 20.66ms FAIL
  2022-10-07 21:04:03 App\Mail\SendCakesToInterestedMail ......... 4.28ms FAIL
  2022-10-07 21:05:03 App\Mail\SendCakesToInterestedMail ......... 4.71ms FAIL
  2022-10-07 21:05:03 App\Mail\SendCakesToInterestedMail ......... 5.25ms FAIL

   INFO  Processing jobs from the [default] queue.  

  2022-10-07 21:06:03 App\Mail\SendCakesToInterestedMail ........ 22.27ms FAIL
  2022-10-07 21:06:03 App\Mail\SendCakesToInterestedMail ......... 4.56ms FAIL

   INFO  Processing jobs from the [default] queue.  

  2022-10-07 21:07:03 App\Mail\SendCakesToInterestedMail ........ 33.13ms FAIL
  2022-10-07 21:07:03 App\Mail\SendCakesToInterestedMail ......... 6.78ms FAIL

   INFO  Processing jobs from the [default] queue.  

  2022-10-07 21:08:03 App\Mail\SendCakesToInterestedMail ........ 22.82ms FAIL
  2022-10-07 21:08:03 App\Mail\SendCakesToInterestedMail ......... 5.00ms FAIL

   INFO  Processing jobs from the [default] queue.  

  2022-10-07 21:09:03 App\Mail\SendCakesToInterestedMail ........ 22.45ms FAIL
  2022-10-07 21:09:03 App\Mail\SendCakesToInterestedMail ......... 4.86ms FAIL

   INFO  Processing jobs from the [default] queue.  

  2022-10-07 21:10:03 App\Mail\SendCakesToInterestedMail ........ 23.58ms FAIL
  2022-10-07 21:10:03 App\Mail\SendCakesToInterestedMail ......... 5.03ms FAIL

   INFO  Processing jobs from the [default] queue.  

  2022-10-07 21:11:03 App\Mail\SendCakesToInterestedMail ........ 30.06ms FAIL
  2022-10-07 21:11:04 App\Mail\SendCakesToInterestedMail ......... 5.70ms FAIL

   INFO  Processing jobs from the [default] queue.  

  2022-10-07 21:12:04 App\Mail\SendCakesToInterestedMail ........ 21.66ms FAIL
  2022-10-07 21:12:04 App\Mail\SendCakesToInterestedMail ......... 4.71ms FAIL

   INFO  Processing jobs from the [default] queue.  

  2022-10-07 21:13:04 App\Mail\SendCakesToInterestedMail ........ 23.93ms FAIL
  2022-10-07 21:13:04 App\Mail\SendCakesToInterestedMail ......... 5.01ms FAIL

   INFO  Processing jobs from the [default] queue.  

  2022-10-07 21:14:04 App\Mail\SendCakesToInterestedMail ........ 31.75ms FAIL
  2022-10-07 21:14:04 App\Mail\SendCakesToInterestedMail ......... 5.43ms FAIL

   INFO  Processing jobs from the [default] queue.  

  2022-10-07 21:15:01 App\Mail\SendCakesToInterestedMail ........ 30.54ms FAIL

   INFO  Processing jobs from the [default] queue.  

  2022-10-07 21:16:04 App\Mail\SendCakesToInterestedMail ........ 32.54ms FAIL
  2022-10-07 21:16:04 App\Mail\SendCakesToInterestedMail ......... 4.78ms FAIL

   INFO  Processing jobs from the [default] queue.  

  2022-10-07 21:17:04 App\Mail\SendCakesToInterestedMail ........ 22.44ms FAIL

   INFO  Processing jobs from the [default] queue.  

  2022-10-07 21:17:04 App\Mail\SendCakesToInterestedMail ........ 20.29ms FAIL

   INFO  Processing jobs from the [default] queue.  


   INFO  Processing jobs from the [default] queue.  


   INFO  Processing jobs from the [default] queue.  

  2022-10-07 21:18:02 App\Mail\SendCakesToInterestedMail ........ 19.88ms FAIL
  2022-10-07 21:18:03 App\Mail\SendCakesToInterestedMail ........ 20.88ms FAIL

   INFO  Processing jobs from the [default] queue.  


   INFO  Processing jobs from the [default] queue.  

  2022-10-07 21:19:02 App\Mail\SendCakesToInterestedMail ........ 19.97ms FAIL
  2022-10-07 21:19:03 App\Mail\SendCakesToInterestedMail ........ 20.44ms FAIL

   INFO  Processing jobs from the [default] queue.  


   INFO  Processing jobs from the [default] queue.  


   INFO  Processing jobs from the [default] queue.  

  2022-10-07 21:20:02 App\Mail\SendCakesToInterestedMail ........ 22.16ms FAIL
  2022-10-07 21:20:03 App\Mail\SendCakesToInterestedMail ........ 36.60ms FAIL

   INFO  Processing jobs from the [default] queue.  


   INFO  Processing jobs from the [default] queue.  


   INFO  Processing jobs from the [default] queue.  

  2022-10-07 21:21:02 App\Mail\SendCakesToInterestedMail ........ 23.10ms FAIL
  2022-10-07 21:21:03 App\Mail\SendCakesToInterestedMail ........ 27.76ms FAIL

   INFO  Processing jobs from the [default] queue.  


   INFO  Processing jobs from the [default] queue.  


   INFO  Processing jobs from the [default] queue.  

  2022-10-07 21:22:02 App\Mail\SendCakesToInterestedMail ........ 21.96ms FAIL
  2022-10-07 21:22:03 App\Mail\SendCakesToInterestedMail ........ 23.70ms FAIL

   INFO  Processing jobs from the [default] queue.  


   INFO  Processing jobs from the [default] queue.  


   INFO  Processing jobs from the [default] queue.  

  2022-10-07 21:23:02 App\Mail\SendCakesToInterestedMail ........ 23.37ms FAIL
  2022-10-07 21:23:03 App\Mail\SendCakesToInterestedMail ........ 26.74ms FAIL

   INFO  Processing jobs from the [default] queue.  


   INFO  Processing jobs from the [default] queue.  


   INFO  Processing jobs from the [default] queue.  

  2022-10-07 21:24:02 App\Mail\SendCakesToInterestedMail ........ 26.09ms FAIL
  2022-10-07 21:24:03 App\Mail\SendCakesToInterestedMail ........ 24.81ms FAIL

   INFO  Processing jobs from the [default] queue.  


   INFO  Processing jobs from the [default] queue.  


   INFO  Processing jobs from the [default] queue.  

  2022-10-07 21:25:03 App\Mail\SendCakesToInterestedMail ........ 20.37ms FAIL
  2022-10-07 21:25:03 App\Mail\SendCakesToInterestedMail ........ 20.59ms FAIL

   INFO  Processing jobs from the [default] queue.  


   INFO  Processing jobs from the [default] queue.  


   INFO  Processing jobs from the [default] queue.  

  2022-10-07 21:26:03 App\Mail\SendCakesToInterestedMail ........ 18.20ms DONE
  2022-10-07 21:26:03 App\Mail\SendCakesToInterestedMail ......... 1.51ms DONE
  2022-10-07 21:27:03 App\Mail\SendCakesToInterestedMail ......... 1.97ms DONE
  2022-10-07 21:27:03 App\Mail\SendCakesToInterestedMail ......... 1.39ms DONE

   INFO  Processing jobs from the [default] queue.  

  2022-10-07 21:29:03 App\Mail\SendCakesToInterestedMail ........ 20.41ms DONE
  2022-10-07 21:29:03 App\Mail\SendCakesToInterestedMail ......... 2.47ms DONE
  2022-10-07 21:30:03 App\Mail\SendCakesToInterestedMail ......... 7.26ms DONE
  2022-10-07 21:30:03 App\Mail\SendCakesToInterestedMail ......... 7.10ms DONE
  2022-10-07 21:31:03 App\Mail\SendCakesToInterestedMail ........ 11.23ms DONE
  2022-10-07 21:31:03 App\Mail\SendCakesToInterestedMail ......... 6.49ms DONE
  2022-10-07 21:32:03 App\Mail\SendCakesToInterestedMail ......... 8.42ms DONE
  2022-10-07 21:32:03 App\Mail\SendCakesToInterestedMail ......... 6.82ms DONE
  2022-10-07 21:33:03 App\Mail\SendCakesToInterestedMail ........ 11.61ms FAIL
  2022-10-07 21:33:03 App\Mail\SendCakesToInterestedMail ......... 8.04ms FAIL

   INFO  Processing jobs from the [default] queue.  

  2022-10-07 21:43:02 App\Mail\SendCakesToInterestedMail ........ 29.04ms FAIL

   INFO  Processing jobs from the [default] queue.  

  2022-10-07 21:43:03 App\Mail\SendCakesToInterestedMail ........ 27.60ms FAIL

   INFO  Processing jobs from the [default] queue.  

  2022-10-07 21:44:02 App\Mail\SendCakesToInterestedMail ........ 24.06ms FAIL

   INFO  Processing jobs from the [default] queue.  


   INFO  Processing jobs from the [default] queue.  

  2022-10-07 21:44:03 App\Mail\SendCakesToInterestedMail ........ 22.39ms FAIL
